2023-06-06 18:22:17,532 INFO  [restartedMain] com.saferent1.Saferent1Application:Starting Saferent1Application using Java 11.0.16.1 on LAPTOP-BQIVBCCA with PID 16212 (C:\Users\yeniy\IdeaProjects\saferent1\target\classes started by yeniy in C:\Users\yeniy\IdeaProjects\saferent1)
2023-06-06 18:22:17,538 DEBUG [restartedMain] com.saferent1.Saferent1Application:Running with Spring Boot v2.7.8, Spring v5.3.25
2023-06-06 18:22:17,540 INFO  [restartedMain] com.saferent1.Saferent1Application:No active profile set, falling back to 1 default profile: "default"
2023-06-06 18:22:17,610 INFO  [restartedMain] org.springframework.boot.devtools.env.DevToolsPropertyDefaultsPostProcessor:Devtools property defaults active! Set 'spring.devtools.add-properties' to 'false' to disable
2023-06-06 18:22:17,610 INFO  [restartedMain] org.springframework.boot.devtools.env.DevToolsPropertyDefaultsPostProcessor:For additional web related logging consider setting the 'logging.level.web' property to 'DEBUG'
2023-06-06 18:22:19,425 INFO  [restartedMain] org.springframework.data.repository.config.RepositoryConfigurationDelegate:Bootstrapping Spring Data JPA repositories in DEFAULT mode.
2023-06-06 18:22:19,653 INFO  [restartedMain] org.springframework.data.repository.config.RepositoryConfigurationDelegate:Finished Spring Data repository scanning in 199 ms. Found 3 JPA repository interfaces.
2023-06-06 18:22:20,970 INFO  [restartedMain] org.springframework.boot.web.embedded.tomcat.TomcatWebServer:Tomcat initialized with port(s): 8081 (http)
2023-06-06 18:22:20,985 INFO  [restartedMain] org.apache.catalina.core.StandardService:Starting service [Tomcat]
2023-06-06 18:22:20,987 INFO  [restartedMain] org.apache.catalina.core.StandardEngine:Starting Servlet engine: [Apache Tomcat/9.0.71]
2023-06-06 18:22:21,127 INFO  [restartedMain] org.apache.catalina.core.ContainerBase.[Tomcat].[localhost].[/]:Initializing Spring embedded WebApplicationContext
2023-06-06 18:22:21,128 INFO  [restartedMain] org.springframework.boot.web.servlet.context.ServletWebServerApplicationContext:Root WebApplicationContext: initialization completed in 3517 ms
2023-06-06 18:22:21,555 INFO  [restartedMain] org.hibernate.jpa.internal.util.LogHelper:HHH000204: Processing PersistenceUnitInfo [name: default]
2023-06-06 18:22:21,680 INFO  [restartedMain] org.hibernate.Version:HHH000412: Hibernate ORM core version 5.6.14.Final
2023-06-06 18:22:22,201 INFO  [restartedMain] org.hibernate.annotations.common.Version:HCANN000001: Hibernate Commons Annotations {5.1.2.Final}
2023-06-06 18:22:22,374 INFO  [restartedMain] com.zaxxer.hikari.HikariDataSource:HikariPool-1 - Starting...
2023-06-06 18:22:22,640 INFO  [restartedMain] com.zaxxer.hikari.HikariDataSource:HikariPool-1 - Start completed.
2023-06-06 18:22:22,663 INFO  [restartedMain] org.hibernate.dialect.Dialect:HHH000400: Using dialect: org.hibernate.dialect.PostgreSQLDialect
2023-06-06 18:22:23,827 INFO  [restartedMain] org.hibernate.engine.transaction.jta.platform.internal.JtaPlatformInitiator:HHH000490: Using JtaPlatform implementation: [org.hibernate.engine.transaction.jta.platform.internal.NoJtaPlatform]
2023-06-06 18:22:23,836 INFO  [restartedMain] org.springframework.orm.jpa.LocalContainerEntityManagerFactoryBean:Initialized JPA EntityManagerFactory for persistence unit 'default'
2023-06-06 18:22:24,677 DEBUG [restartedMain] com.saferent1.security.jwt.AuthTokenFilter:Filter 'authTokenFilter' configured for use
2023-06-06 18:22:24,999 INFO  [restartedMain] org.springframework.security.web.DefaultSecurityFilterChain:Will secure any request with [org.springframework.security.web.session.DisableEncodeUrlFilter@57aebb70, org.springframework.security.web.context.request.async.WebAsyncManagerIntegrationFilter@254f9013, org.springframework.security.web.context.SecurityContextPersistenceFilter@43fa3941, org.springframework.security.web.header.HeaderWriterFilter@45398683, org.springframework.security.web.authentication.logout.LogoutFilter@8e458d3, com.saferent1.security.jwt.AuthTokenFilter@565e943b, org.springframework.security.web.savedrequest.RequestCacheAwareFilter@54b402f4, org.springframework.security.web.servletapi.SecurityContextHolderAwareRequestFilter@86782bd, org.springframework.security.web.authentication.AnonymousAuthenticationFilter@9ffa671, org.springframework.security.web.session.SessionManagementFilter@3ce232e9, org.springframework.security.web.access.ExceptionTranslationFilter@138e5490, org.springframework.security.web.access.intercept.FilterSecurityInterceptor@276381e8]
2023-06-06 18:22:25,087 WARN  [restartedMain] org.springframework.boot.autoconfigure.orm.jpa.JpaBaseConfiguration$JpaWebConfiguration:spring.jpa.open-in-view is enabled by default. Therefore, database queries may be performed during view rendering. Explicitly configure spring.jpa.open-in-view to disable this warning
2023-06-06 18:22:26,230 INFO  [restartedMain] org.springframework.boot.devtools.autoconfigure.OptionalLiveReloadServer:LiveReload server is running on port 35729
2023-06-06 18:22:26,237 INFO  [restartedMain] org.springframework.boot.actuate.endpoint.web.EndpointLinksResolver:Exposing 15 endpoint(s) beneath base path '/actuator'
2023-06-06 18:22:26,368 INFO  [restartedMain] org.springframework.boot.web.embedded.tomcat.TomcatWebServer:Tomcat started on port(s): 8081 (http) with context path ''
2023-06-06 18:22:26,399 INFO  [restartedMain] com.saferent1.Saferent1Application:Started Saferent1Application in 9.863 seconds (JVM running for 12.226)
2023-06-06 18:22:26,701 INFO  [RMI TCP Connection(2)-192.168.1.10] org.apache.catalina.core.ContainerBase.[Tomcat].[localhost].[/]:Initializing Spring DispatcherServlet 'dispatcherServlet'
2023-06-06 18:22:29,277 WARN  [http-nio-8081-exec-1] org.hibernate.engine.jdbc.spi.SqlExceptionHelper:SQL Error: 0, SQLState: 23502
2023-06-06 18:22:29,278 ERROR [http-nio-8081-exec-1] org.hibernate.engine.jdbc.spi.SqlExceptionHelper:ERROR: null value in column "zip_code" of relation "t_user" violates not-null constraint
  Detail: Failing row contains (5, New York, USA, f, xtyyrsad12@yyy.com, customer1, soyisim1, $2a$10$zyYkEMPKJlzjXHLMYTIKnO5UiRe8KfNfJtRlX/1BV6TNFWhqyyMM., (541) 317-8828, null).
2023-06-06 18:22:29,333 ERROR [http-nio-8081-exec-1] com.saferent1.exception.SafeRentExceptionHandler:could not execute statement; SQL [n/a]; constraint [zip_code" of relation "t_user]; nested exception is org.hibernate.exception.ConstraintViolationException: could not execute statement
2023-06-06 18:22:29,379 WARN  [http-nio-8081-exec-1] org.springframework.web.servlet.mvc.method.annotation.ExceptionHandlerExceptionResolver:Resolved [org.springframework.dao.DataIntegrityViolationException: could not execute statement; SQL [n/a]; constraint [zip_code" of relation "t_user]; nested exception is org.hibernate.exception.ConstraintViolationException: could not execute statement]
2023-06-06 18:22:47,312 INFO  [SpringApplicationShutdownHook] org.springframework.orm.jpa.LocalContainerEntityManagerFactoryBean:Closing JPA EntityManagerFactory for persistence unit 'default'
2023-06-06 18:22:47,321 INFO  [SpringApplicationShutdownHook] com.zaxxer.hikari.HikariDataSource:HikariPool-1 - Shutdown initiated...
2023-06-06 18:22:47,534 INFO  [SpringApplicationShutdownHook] com.zaxxer.hikari.HikariDataSource:HikariPool-1 - Shutdown completed.
2023-06-06 19:15:44,061 INFO  [restartedMain] com.saferent1.Saferent1Application:Starting Saferent1Application using Java 11.0.16.1 on LAPTOP-BQIVBCCA with PID 6648 (C:\Users\yeniy\IdeaProjects\saferent1\target\classes started by yeniy in C:\Users\yeniy\IdeaProjects\saferent1)
2023-06-06 19:15:44,067 DEBUG [restartedMain] com.saferent1.Saferent1Application:Running with Spring Boot v2.7.8, Spring v5.3.25
2023-06-06 19:15:44,069 INFO  [restartedMain] com.saferent1.Saferent1Application:No active profile set, falling back to 1 default profile: "default"
2023-06-06 19:15:44,141 INFO  [restartedMain] org.springframework.boot.devtools.env.DevToolsPropertyDefaultsPostProcessor:Devtools property defaults active! Set 'spring.devtools.add-properties' to 'false' to disable
2023-06-06 19:15:44,143 INFO  [restartedMain] org.springframework.boot.devtools.env.DevToolsPropertyDefaultsPostProcessor:For additional web related logging consider setting the 'logging.level.web' property to 'DEBUG'
2023-06-06 19:15:46,452 INFO  [restartedMain] org.springframework.data.repository.config.RepositoryConfigurationDelegate:Bootstrapping Spring Data JPA repositories in DEFAULT mode.
2023-06-06 19:15:46,595 INFO  [restartedMain] org.springframework.data.repository.config.RepositoryConfigurationDelegate:Finished Spring Data repository scanning in 126 ms. Found 3 JPA repository interfaces.
2023-06-06 19:15:48,337 INFO  [restartedMain] org.springframework.boot.web.embedded.tomcat.TomcatWebServer:Tomcat initialized with port(s): 8081 (http)
2023-06-06 19:15:48,357 INFO  [restartedMain] org.apache.catalina.core.StandardService:Starting service [Tomcat]
2023-06-06 19:15:48,358 INFO  [restartedMain] org.apache.catalina.core.StandardEngine:Starting Servlet engine: [Apache Tomcat/9.0.71]
2023-06-06 19:15:48,650 INFO  [restartedMain] org.apache.catalina.core.ContainerBase.[Tomcat].[localhost].[/]:Initializing Spring embedded WebApplicationContext
2023-06-06 19:15:48,651 INFO  [restartedMain] org.springframework.boot.web.servlet.context.ServletWebServerApplicationContext:Root WebApplicationContext: initialization completed in 4499 ms
2023-06-06 19:15:49,575 INFO  [restartedMain] org.hibernate.jpa.internal.util.LogHelper:HHH000204: Processing PersistenceUnitInfo [name: default]
2023-06-06 19:15:49,733 INFO  [restartedMain] org.hibernate.Version:HHH000412: Hibernate ORM core version 5.6.14.Final
2023-06-06 19:15:50,097 INFO  [restartedMain] org.hibernate.annotations.common.Version:HCANN000001: Hibernate Commons Annotations {5.1.2.Final}
2023-06-06 19:15:50,345 INFO  [restartedMain] com.zaxxer.hikari.HikariDataSource:HikariPool-1 - Starting...
2023-06-06 19:15:50,699 INFO  [restartedMain] com.zaxxer.hikari.HikariDataSource:HikariPool-1 - Start completed.
2023-06-06 19:15:50,765 INFO  [restartedMain] org.hibernate.dialect.Dialect:HHH000400: Using dialect: org.hibernate.dialect.PostgreSQLDialect
2023-06-06 19:15:52,674 INFO  [restartedMain] org.hibernate.engine.transaction.jta.platform.internal.JtaPlatformInitiator:HHH000490: Using JtaPlatform implementation: [org.hibernate.engine.transaction.jta.platform.internal.NoJtaPlatform]
2023-06-06 19:15:52,692 INFO  [restartedMain] org.springframework.orm.jpa.LocalContainerEntityManagerFactoryBean:Initialized JPA EntityManagerFactory for persistence unit 'default'
2023-06-06 19:15:53,963 DEBUG [restartedMain] com.saferent1.security.jwt.AuthTokenFilter:Filter 'authTokenFilter' configured for use
2023-06-06 19:15:55,428 INFO  [restartedMain] org.springframework.security.web.DefaultSecurityFilterChain:Will secure any request with [org.springframework.security.web.session.DisableEncodeUrlFilter@2308268b, org.springframework.security.web.context.request.async.WebAsyncManagerIntegrationFilter@3dcddd71, org.springframework.security.web.context.SecurityContextPersistenceFilter@5478a14a, org.springframework.security.web.header.HeaderWriterFilter@229e4b2, org.springframework.security.web.authentication.logout.LogoutFilter@4a2d0b04, com.saferent1.security.jwt.AuthTokenFilter@54136b4d, org.springframework.security.web.savedrequest.RequestCacheAwareFilter@69f5d6ba, org.springframework.security.web.servletapi.SecurityContextHolderAwareRequestFilter@584b9b79, org.springframework.security.web.authentication.AnonymousAuthenticationFilter@5251974, org.springframework.security.web.session.SessionManagementFilter@2195ff5c, org.springframework.security.web.access.ExceptionTranslationFilter@1125e8e4, org.springframework.security.web.access.intercept.FilterSecurityInterceptor@188d7238]
2023-06-06 19:15:55,591 WARN  [restartedMain] org.springframework.boot.autoconfigure.orm.jpa.JpaBaseConfiguration$JpaWebConfiguration:spring.jpa.open-in-view is enabled by default. Therefore, database queries may be performed during view rendering. Explicitly configure spring.jpa.open-in-view to disable this warning
2023-06-06 19:15:57,051 INFO  [restartedMain] org.springframework.boot.devtools.autoconfigure.OptionalLiveReloadServer:LiveReload server is running on port 35729
2023-06-06 19:15:57,059 INFO  [restartedMain] org.springframework.boot.actuate.endpoint.web.EndpointLinksResolver:Exposing 15 endpoint(s) beneath base path '/actuator'
2023-06-06 19:15:57,170 INFO  [restartedMain] org.springframework.boot.web.embedded.tomcat.TomcatWebServer:Tomcat started on port(s): 8081 (http) with context path ''
2023-06-06 19:15:57,198 INFO  [restartedMain] com.saferent1.Saferent1Application:Started Saferent1Application in 13.946 seconds (JVM running for 17.434)
2023-06-06 19:15:57,571 INFO  [RMI TCP Connection(4)-192.168.1.10] org.apache.catalina.core.ContainerBase.[Tomcat].[localhost].[/]:Initializing Spring DispatcherServlet 'dispatcherServlet'
2023-06-06 19:16:52,553 WARN  [http-nio-8081-exec-8] org.hibernate.engine.jdbc.spi.SqlExceptionHelper:SQL Error: 0, SQLState: 23502
2023-06-06 19:16:52,554 ERROR [http-nio-8081-exec-8] org.hibernate.engine.jdbc.spi.SqlExceptionHelper:ERROR: null value in column "zip_code" of relation "t_user" violates not-null constraint
  Detail: Failing row contains (6, New York, USA, f, xtyyrsad12@yyy.com, customer1, soyisim1, $2a$10$AoZ50iLnfrSctRuqH86RauyGJ8XaK58svMuHEwrVuULFWPuiTxlny, (541) 317-8828, null).
2023-06-06 19:16:52,611 ERROR [http-nio-8081-exec-8] com.saferent1.exception.SafeRentExceptionHandler:could not execute statement; SQL [n/a]; constraint [zip_code" of relation "t_user]; nested exception is org.hibernate.exception.ConstraintViolationException: could not execute statement
2023-06-06 19:16:52,652 WARN  [http-nio-8081-exec-8] org.springframework.web.servlet.mvc.method.annotation.ExceptionHandlerExceptionResolver:Resolved [org.springframework.dao.DataIntegrityViolationException: could not execute statement; SQL [n/a]; constraint [zip_code" of relation "t_user]; nested exception is org.hibernate.exception.ConstraintViolationException: could not execute statement]
2023-06-06 19:17:17,597 INFO  [SpringApplicationShutdownHook] org.springframework.orm.jpa.LocalContainerEntityManagerFactoryBean:Closing JPA EntityManagerFactory for persistence unit 'default'
2023-06-06 19:17:17,602 INFO  [SpringApplicationShutdownHook] com.zaxxer.hikari.HikariDataSource:HikariPool-1 - Shutdown initiated...
2023-06-06 19:17:17,610 INFO  [SpringApplicationShutdownHook] com.zaxxer.hikari.HikariDataSource:HikariPool-1 - Shutdown completed.
2023-06-06 19:17:25,094 INFO  [restartedMain] com.saferent1.Saferent1Application:Starting Saferent1Application using Java 11.0.16.1 on LAPTOP-BQIVBCCA with PID 21164 (C:\Users\yeniy\IdeaProjects\saferent1\target\classes started by yeniy in C:\Users\yeniy\IdeaProjects\saferent1)
2023-06-06 19:17:25,095 DEBUG [restartedMain] com.saferent1.Saferent1Application:Running with Spring Boot v2.7.8, Spring v5.3.25
2023-06-06 19:17:25,096 INFO  [restartedMain] com.saferent1.Saferent1Application:No active profile set, falling back to 1 default profile: "default"
2023-06-06 19:17:25,163 INFO  [restartedMain] org.springframework.boot.devtools.env.DevToolsPropertyDefaultsPostProcessor:Devtools property defaults active! Set 'spring.devtools.add-properties' to 'false' to disable
2023-06-06 19:17:25,164 INFO  [restartedMain] org.springframework.boot.devtools.env.DevToolsPropertyDefaultsPostProcessor:For additional web related logging consider setting the 'logging.level.web' property to 'DEBUG'
2023-06-06 19:17:26,401 INFO  [restartedMain] org.springframework.data.repository.config.RepositoryConfigurationDelegate:Bootstrapping Spring Data JPA repositories in DEFAULT mode.
2023-06-06 19:17:26,509 INFO  [restartedMain] org.springframework.data.repository.config.RepositoryConfigurationDelegate:Finished Spring Data repository scanning in 97 ms. Found 3 JPA repository interfaces.
2023-06-06 19:17:27,205 INFO  [restartedMain] org.springframework.boot.web.embedded.tomcat.TomcatWebServer:Tomcat initialized with port(s): 8081 (http)
2023-06-06 19:17:27,214 INFO  [restartedMain] org.apache.catalina.core.StandardService:Starting service [Tomcat]
2023-06-06 19:17:27,214 INFO  [restartedMain] org.apache.catalina.core.StandardEngine:Starting Servlet engine: [Apache Tomcat/9.0.71]
2023-06-06 19:17:27,316 INFO  [restartedMain] org.apache.catalina.core.ContainerBase.[Tomcat].[localhost].[/]:Initializing Spring embedded WebApplicationContext
2023-06-06 19:17:27,316 INFO  [restartedMain] org.springframework.boot.web.servlet.context.ServletWebServerApplicationContext:Root WebApplicationContext: initialization completed in 2151 ms
2023-06-06 19:17:27,593 INFO  [restartedMain] org.hibernate.jpa.internal.util.LogHelper:HHH000204: Processing PersistenceUnitInfo [name: default]
2023-06-06 19:17:27,642 INFO  [restartedMain] org.hibernate.Version:HHH000412: Hibernate ORM core version 5.6.14.Final
2023-06-06 19:17:27,767 INFO  [restartedMain] org.hibernate.annotations.common.Version:HCANN000001: Hibernate Commons Annotations {5.1.2.Final}
2023-06-06 19:17:27,884 INFO  [restartedMain] com.zaxxer.hikari.HikariDataSource:HikariPool-1 - Starting...
2023-06-06 19:17:28,062 INFO  [restartedMain] com.zaxxer.hikari.HikariDataSource:HikariPool-1 - Start completed.
2023-06-06 19:17:28,080 INFO  [restartedMain] org.hibernate.dialect.Dialect:HHH000400: Using dialect: org.hibernate.dialect.PostgreSQLDialect
2023-06-06 19:17:28,960 INFO  [restartedMain] org.hibernate.engine.transaction.jta.platform.internal.JtaPlatformInitiator:HHH000490: Using JtaPlatform implementation: [org.hibernate.engine.transaction.jta.platform.internal.NoJtaPlatform]
2023-06-06 19:17:28,971 INFO  [restartedMain] org.springframework.orm.jpa.LocalContainerEntityManagerFactoryBean:Initialized JPA EntityManagerFactory for persistence unit 'default'
2023-06-06 19:17:29,382 DEBUG [restartedMain] com.saferent1.security.jwt.AuthTokenFilter:Filter 'authTokenFilter' configured for use
2023-06-06 19:17:29,614 INFO  [restartedMain] org.springframework.security.web.DefaultSecurityFilterChain:Will secure any request with [org.springframework.security.web.session.DisableEncodeUrlFilter@76c3ab2e, org.springframework.security.web.context.request.async.WebAsyncManagerIntegrationFilter@18b0fd75, org.springframework.security.web.context.SecurityContextPersistenceFilter@7d49c855, org.springframework.security.web.header.HeaderWriterFilter@33c65c9c, org.springframework.security.web.authentication.logout.LogoutFilter@29d34c87, com.saferent1.security.jwt.AuthTokenFilter@6d133b58, org.springframework.security.web.savedrequest.RequestCacheAwareFilter@4ed9900b, org.springframework.security.web.servletapi.SecurityContextHolderAwareRequestFilter@6d7fb6dd, org.springframework.security.web.authentication.AnonymousAuthenticationFilter@5eb3a0a9, org.springframework.security.web.session.SessionManagementFilter@da61b5c, org.springframework.security.web.access.ExceptionTranslationFilter@208676fc, org.springframework.security.web.access.intercept.FilterSecurityInterceptor@75449bfa]
2023-06-06 19:17:29,660 WARN  [restartedMain] org.springframework.boot.autoconfigure.orm.jpa.JpaBaseConfiguration$JpaWebConfiguration:spring.jpa.open-in-view is enabled by default. Therefore, database queries may be performed during view rendering. Explicitly configure spring.jpa.open-in-view to disable this warning
2023-06-06 19:17:30,260 INFO  [restartedMain] org.springframework.boot.devtools.autoconfigure.OptionalLiveReloadServer:LiveReload server is running on port 35729
2023-06-06 19:17:30,265 INFO  [restartedMain] org.springframework.boot.actuate.endpoint.web.EndpointLinksResolver:Exposing 15 endpoint(s) beneath base path '/actuator'
2023-06-06 19:17:30,374 INFO  [restartedMain] org.springframework.boot.web.embedded.tomcat.TomcatWebServer:Tomcat started on port(s): 8081 (http) with context path ''
2023-06-06 19:17:30,396 INFO  [restartedMain] com.saferent1.Saferent1Application:Started Saferent1Application in 5.795 seconds (JVM running for 6.935)
2023-06-06 19:17:30,949 INFO  [RMI TCP Connection(2)-192.168.1.10] org.apache.catalina.core.ContainerBase.[Tomcat].[localhost].[/]:Initializing Spring DispatcherServlet 'dispatcherServlet'
2023-06-06 19:17:58,981 WARN  [http-nio-8081-exec-3] org.springframework.web.servlet.PageNotFound:Request method 'GET' not supported
2023-06-06 19:17:58,984 WARN  [http-nio-8081-exec-3] org.springframework.web.servlet.mvc.method.annotation.ExceptionHandlerExceptionResolver:Resolved [org.springframework.web.HttpRequestMethodNotSupportedException: Request method 'GET' not supported]
2023-06-06 19:18:26,697 WARN  [http-nio-8081-exec-4] org.springframework.web.servlet.PageNotFound:Request method 'GET' not supported
2023-06-06 19:18:26,698 WARN  [http-nio-8081-exec-4] org.springframework.web.servlet.mvc.method.annotation.ExceptionHandlerExceptionResolver:Resolved [org.springframework.web.HttpRequestMethodNotSupportedException: Request method 'GET' not supported]
2023-06-06 19:20:40,599 ERROR [http-nio-8081-exec-8] com.saferent1.exception.SafeRentExceptionHandler:E-postameddelande: xtyyrsad12@yyy.com finns redan
2023-06-06 19:20:40,619 WARN  [http-nio-8081-exec-8] org.springframework.web.servlet.mvc.method.annotation.ExceptionHandlerExceptionResolver:Resolved [com.saferent1.exception.ConflictException: E-postameddelande: xtyyrsad12@yyy.com finns redan]
2023-06-06 19:20:48,338 WARN  [http-nio-8081-exec-9] org.springframework.web.servlet.PageNotFound:Request method 'GET' not supported
2023-06-06 19:20:48,339 WARN  [http-nio-8081-exec-9] org.springframework.web.servlet.mvc.method.annotation.ExceptionHandlerExceptionResolver:Resolved [org.springframework.web.HttpRequestMethodNotSupportedException: Request method 'GET' not supported]
2023-06-06 19:22:16,611 WARN  [http-nio-8081-exec-4] org.springframework.web.servlet.PageNotFound:Request method 'GET' not supported
2023-06-06 19:22:16,612 WARN  [http-nio-8081-exec-4] org.springframework.web.servlet.mvc.method.annotation.ExceptionHandlerExceptionResolver:Resolved [org.springframework.web.HttpRequestMethodNotSupportedException: Request method 'GET' not supported]
2023-06-06 19:56:58,624 WARN  [http-nio-8081-exec-6] org.springframework.web.servlet.PageNotFound:Request method 'GET' not supported
2023-06-06 19:56:58,630 WARN  [http-nio-8081-exec-6] org.springframework.web.servlet.mvc.method.annotation.ExceptionHandlerExceptionResolver:Resolved [org.springframework.web.HttpRequestMethodNotSupportedException: Request method 'GET' not supported]
2023-06-06 19:57:12,575 INFO  [SpringApplicationShutdownHook] org.springframework.orm.jpa.LocalContainerEntityManagerFactoryBean:Closing JPA EntityManagerFactory for persistence unit 'default'
2023-06-06 19:57:12,643 INFO  [SpringApplicationShutdownHook] com.zaxxer.hikari.HikariDataSource:HikariPool-1 - Shutdown initiated...
2023-06-06 19:57:12,706 INFO  [SpringApplicationShutdownHook] com.zaxxer.hikari.HikariDataSource:HikariPool-1 - Shutdown completed.
2023-06-06 19:57:35,745 INFO  [restartedMain] com.saferent1.Saferent1Application:Starting Saferent1Application using Java 11.0.16.1 on LAPTOP-BQIVBCCA with PID 11100 (C:\Users\yeniy\IdeaProjects\saferent1\target\classes started by yeniy in C:\Users\yeniy\IdeaProjects\saferent1)
2023-06-06 19:57:35,747 DEBUG [restartedMain] com.saferent1.Saferent1Application:Running with Spring Boot v2.7.8, Spring v5.3.25
2023-06-06 19:57:35,748 INFO  [restartedMain] com.saferent1.Saferent1Application:No active profile set, falling back to 1 default profile: "default"
2023-06-06 19:57:35,818 INFO  [restartedMain] org.springframework.boot.devtools.env.DevToolsPropertyDefaultsPostProcessor:Devtools property defaults active! Set 'spring.devtools.add-properties' to 'false' to disable
2023-06-06 19:57:35,818 INFO  [restartedMain] org.springframework.boot.devtools.env.DevToolsPropertyDefaultsPostProcessor:For additional web related logging consider setting the 'logging.level.web' property to 'DEBUG'
2023-06-06 19:57:37,840 INFO  [restartedMain] org.springframework.data.repository.config.RepositoryConfigurationDelegate:Bootstrapping Spring Data JPA repositories in DEFAULT mode.
2023-06-06 19:57:37,950 INFO  [restartedMain] org.springframework.data.repository.config.RepositoryConfigurationDelegate:Finished Spring Data repository scanning in 99 ms. Found 3 JPA repository interfaces.
2023-06-06 19:57:39,206 INFO  [restartedMain] org.springframework.boot.web.embedded.tomcat.TomcatWebServer:Tomcat initialized with port(s): 8081 (http)
2023-06-06 19:57:39,219 INFO  [restartedMain] org.apache.catalina.core.StandardService:Starting service [Tomcat]
2023-06-06 19:57:39,220 INFO  [restartedMain] org.apache.catalina.core.StandardEngine:Starting Servlet engine: [Apache Tomcat/9.0.71]
2023-06-06 19:57:39,417 INFO  [restartedMain] org.apache.catalina.core.ContainerBase.[Tomcat].[localhost].[/]:Initializing Spring embedded WebApplicationContext
2023-06-06 19:57:39,419 INFO  [restartedMain] org.springframework.boot.web.servlet.context.ServletWebServerApplicationContext:Root WebApplicationContext: initialization completed in 3600 ms
2023-06-06 19:57:39,863 INFO  [restartedMain] org.hibernate.jpa.internal.util.LogHelper:HHH000204: Processing PersistenceUnitInfo [name: default]
2023-06-06 19:57:39,970 INFO  [restartedMain] org.hibernate.Version:HHH000412: Hibernate ORM core version 5.6.14.Final
2023-06-06 19:57:40,253 INFO  [restartedMain] org.hibernate.annotations.common.Version:HCANN000001: Hibernate Commons Annotations {5.1.2.Final}
2023-06-06 19:57:40,505 INFO  [restartedMain] com.zaxxer.hikari.HikariDataSource:HikariPool-1 - Starting...
2023-06-06 19:57:40,871 INFO  [restartedMain] com.zaxxer.hikari.HikariDataSource:HikariPool-1 - Start completed.
2023-06-06 19:57:40,897 INFO  [restartedMain] org.hibernate.dialect.Dialect:HHH000400: Using dialect: org.hibernate.dialect.PostgreSQLDialect
2023-06-06 19:57:42,888 INFO  [restartedMain] org.hibernate.engine.transaction.jta.platform.internal.JtaPlatformInitiator:HHH000490: Using JtaPlatform implementation: [org.hibernate.engine.transaction.jta.platform.internal.NoJtaPlatform]
2023-06-06 19:57:42,930 INFO  [restartedMain] org.springframework.orm.jpa.LocalContainerEntityManagerFactoryBean:Initialized JPA EntityManagerFactory for persistence unit 'default'
2023-06-06 19:57:45,205 DEBUG [restartedMain] com.saferent1.security.jwt.AuthTokenFilter:Filter 'authTokenFilter' configured for use
2023-06-06 19:57:46,022 INFO  [restartedMain] org.springframework.security.web.DefaultSecurityFilterChain:Will secure any request with [org.springframework.security.web.session.DisableEncodeUrlFilter@566fd4e5, org.springframework.security.web.context.request.async.WebAsyncManagerIntegrationFilter@266e2795, org.springframework.security.web.context.SecurityContextPersistenceFilter@1b62545e, org.springframework.security.web.header.HeaderWriterFilter@6c22ee56, org.springframework.security.web.authentication.logout.LogoutFilter@71726eba, com.saferent1.security.jwt.AuthTokenFilter@10d68297, org.springframework.security.web.savedrequest.RequestCacheAwareFilter@607634b0, org.springframework.security.web.servletapi.SecurityContextHolderAwareRequestFilter@1c18114, org.springframework.security.web.authentication.AnonymousAuthenticationFilter@2fc41ea0, org.springframework.security.web.session.SessionManagementFilter@c0cdda2, org.springframework.security.web.access.ExceptionTranslationFilter@73436ae, org.springframework.security.web.access.intercept.FilterSecurityInterceptor@13c4d88]
2023-06-06 19:57:46,128 WARN  [restartedMain] org.springframework.boot.autoconfigure.orm.jpa.JpaBaseConfiguration$JpaWebConfiguration:spring.jpa.open-in-view is enabled by default. Therefore, database queries may be performed during view rendering. Explicitly configure spring.jpa.open-in-view to disable this warning
2023-06-06 19:57:48,154 INFO  [restartedMain] org.springframework.boot.devtools.autoconfigure.OptionalLiveReloadServer:LiveReload server is running on port 35729
2023-06-06 19:57:48,159 INFO  [restartedMain] org.springframework.boot.actuate.endpoint.web.EndpointLinksResolver:Exposing 15 endpoint(s) beneath base path '/actuator'
2023-06-06 19:57:48,238 INFO  [restartedMain] org.springframework.boot.web.embedded.tomcat.TomcatWebServer:Tomcat started on port(s): 8081 (http) with context path ''
2023-06-06 19:57:48,259 INFO  [restartedMain] com.saferent1.Saferent1Application:Started Saferent1Application in 13.451 seconds (JVM running for 16.988)
2023-06-06 19:57:48,706 INFO  [RMI TCP Connection(2)-192.168.1.10] org.apache.catalina.core.ContainerBase.[Tomcat].[localhost].[/]:Initializing Spring DispatcherServlet 'dispatcherServlet'
2023-06-06 20:01:03,455 ERROR [http-nio-8081-exec-2] com.saferent1.exception.SafeRentExceptionHandler:E-postameddelande: xxx@yyy.com finns redan
2023-06-06 20:01:03,465 WARN  [http-nio-8081-exec-2] org.springframework.web.servlet.mvc.method.annotation.ExceptionHandlerExceptionResolver:Resolved [com.saferent1.exception.ConflictException: E-postameddelande: xxx@yyy.com finns redan]
2023-06-06 20:02:42,488 INFO  [SpringApplicationShutdownHook] org.springframework.orm.jpa.LocalContainerEntityManagerFactoryBean:Closing JPA EntityManagerFactory for persistence unit 'default'
2023-06-06 20:02:42,498 INFO  [SpringApplicationShutdownHook] com.zaxxer.hikari.HikariDataSource:HikariPool-1 - Shutdown initiated...
2023-06-06 20:02:42,544 INFO  [SpringApplicationShutdownHook] com.zaxxer.hikari.HikariDataSource:HikariPool-1 - Shutdown completed.
2023-06-06 20:04:26,785 INFO  [restartedMain] com.saferent1.Saferent1Application:Starting Saferent1Application using Java 11.0.16.1 on LAPTOP-BQIVBCCA with PID 10684 (C:\Users\yeniy\IdeaProjects\saferent1\target\classes started by yeniy in C:\Users\yeniy\IdeaProjects\saferent1)
2023-06-06 20:04:26,786 DEBUG [restartedMain] com.saferent1.Saferent1Application:Running with Spring Boot v2.7.8, Spring v5.3.25
2023-06-06 20:04:26,787 INFO  [restartedMain] com.saferent1.Saferent1Application:No active profile set, falling back to 1 default profile: "default"
2023-06-06 20:04:26,908 INFO  [restartedMain] org.springframework.boot.devtools.env.DevToolsPropertyDefaultsPostProcessor:Devtools property defaults active! Set 'spring.devtools.add-properties' to 'false' to disable
2023-06-06 20:04:26,908 INFO  [restartedMain] org.springframework.boot.devtools.env.DevToolsPropertyDefaultsPostProcessor:For additional web related logging consider setting the 'logging.level.web' property to 'DEBUG'
2023-06-06 20:04:29,930 INFO  [restartedMain] org.springframework.data.repository.config.RepositoryConfigurationDelegate:Bootstrapping Spring Data JPA repositories in DEFAULT mode.
2023-06-06 20:04:30,059 INFO  [restartedMain] org.springframework.data.repository.config.RepositoryConfigurationDelegate:Finished Spring Data repository scanning in 118 ms. Found 3 JPA repository interfaces.
2023-06-06 20:04:31,221 INFO  [restartedMain] org.springframework.boot.web.embedded.tomcat.TomcatWebServer:Tomcat initialized with port(s): 8081 (http)
2023-06-06 20:04:31,273 INFO  [restartedMain] org.apache.catalina.core.StandardService:Starting service [Tomcat]
2023-06-06 20:04:31,277 INFO  [restartedMain] org.apache.catalina.core.StandardEngine:Starting Servlet engine: [Apache Tomcat/9.0.71]
2023-06-06 20:04:31,528 INFO  [restartedMain] org.apache.catalina.core.ContainerBase.[Tomcat].[localhost].[/]:Initializing Spring embedded WebApplicationContext
2023-06-06 20:04:31,528 INFO  [restartedMain] org.springframework.boot.web.servlet.context.ServletWebServerApplicationContext:Root WebApplicationContext: initialization completed in 4619 ms
2023-06-06 20:04:32,166 INFO  [restartedMain] org.hibernate.jpa.internal.util.LogHelper:HHH000204: Processing PersistenceUnitInfo [name: default]
2023-06-06 20:04:32,299 INFO  [restartedMain] org.hibernate.Version:HHH000412: Hibernate ORM core version 5.6.14.Final
2023-06-06 20:04:32,601 INFO  [restartedMain] org.hibernate.annotations.common.Version:HCANN000001: Hibernate Commons Annotations {5.1.2.Final}
2023-06-06 20:04:32,751 INFO  [restartedMain] com.zaxxer.hikari.HikariDataSource:HikariPool-1 - Starting...
2023-06-06 20:04:33,022 INFO  [restartedMain] com.zaxxer.hikari.HikariDataSource:HikariPool-1 - Start completed.
2023-06-06 20:04:33,047 INFO  [restartedMain] org.hibernate.dialect.Dialect:HHH000400: Using dialect: org.hibernate.dialect.PostgreSQLDialect
2023-06-06 20:04:34,399 INFO  [restartedMain] org.hibernate.engine.transaction.jta.platform.internal.JtaPlatformInitiator:HHH000490: Using JtaPlatform implementation: [org.hibernate.engine.transaction.jta.platform.internal.NoJtaPlatform]
2023-06-06 20:04:34,411 INFO  [restartedMain] org.springframework.orm.jpa.LocalContainerEntityManagerFactoryBean:Initialized JPA EntityManagerFactory for persistence unit 'default'
2023-06-06 20:04:35,136 DEBUG [restartedMain] com.saferent1.security.jwt.AuthTokenFilter:Filter 'authTokenFilter' configured for use
2023-06-06 20:04:35,777 INFO  [restartedMain] org.springframework.security.web.DefaultSecurityFilterChain:Will secure any request with [org.springframework.security.web.session.DisableEncodeUrlFilter@73462526, org.springframework.security.web.context.request.async.WebAsyncManagerIntegrationFilter@333d26, org.springframework.security.web.context.SecurityContextPersistenceFilter@6d7f6b1, org.springframework.security.web.header.HeaderWriterFilter@69f5d6ba, org.springframework.security.web.authentication.logout.LogoutFilter@2667ffcf, com.saferent1.security.jwt.AuthTokenFilter@74aa5510, org.springframework.security.web.savedrequest.RequestCacheAwareFilter@50d67b5, org.springframework.security.web.servletapi.SecurityContextHolderAwareRequestFilter@2e415ef8, org.springframework.security.web.authentication.AnonymousAuthenticationFilter@64c70398, org.springframework.security.web.session.SessionManagementFilter@1df79654, org.springframework.security.web.access.ExceptionTranslationFilter@166926, org.springframework.security.web.access.intercept.FilterSecurityInterceptor@7fcdd041]
2023-06-06 20:04:35,848 WARN  [restartedMain] org.springframework.boot.autoconfigure.orm.jpa.JpaBaseConfiguration$JpaWebConfiguration:spring.jpa.open-in-view is enabled by default. Therefore, database queries may be performed during view rendering. Explicitly configure spring.jpa.open-in-view to disable this warning
2023-06-06 20:04:36,972 INFO  [restartedMain] org.springframework.boot.devtools.autoconfigure.OptionalLiveReloadServer:LiveReload server is running on port 35729
2023-06-06 20:04:36,986 INFO  [restartedMain] org.springframework.boot.actuate.endpoint.web.EndpointLinksResolver:Exposing 15 endpoint(s) beneath base path '/actuator'
2023-06-06 20:04:37,125 INFO  [restartedMain] org.springframework.boot.web.embedded.tomcat.TomcatWebServer:Tomcat started on port(s): 8081 (http) with context path ''
2023-06-06 20:04:37,145 INFO  [restartedMain] com.saferent1.Saferent1Application:Started Saferent1Application in 11.354 seconds (JVM running for 13.683)
2023-06-06 20:04:37,615 INFO  [RMI TCP Connection(1)-192.168.1.10] org.apache.catalina.core.ContainerBase.[Tomcat].[localhost].[/]:Initializing Spring DispatcherServlet 'dispatcherServlet'
2023-06-06 20:12:52,874 INFO  [SpringApplicationShutdownHook] org.springframework.orm.jpa.LocalContainerEntityManagerFactoryBean:Closing JPA EntityManagerFactory for persistence unit 'default'
2023-06-06 20:12:52,900 INFO  [SpringApplicationShutdownHook] com.zaxxer.hikari.HikariDataSource:HikariPool-1 - Shutdown initiated...
2023-06-06 20:12:52,921 INFO  [SpringApplicationShutdownHook] com.zaxxer.hikari.HikariDataSource:HikariPool-1 - Shutdown completed.
2023-06-06 20:13:15,276 INFO  [restartedMain] com.saferent1.Saferent1Application:Starting Saferent1Application using Java 11.0.16.1 on LAPTOP-BQIVBCCA with PID 16336 (C:\Users\yeniy\IdeaProjects\saferent1\target\classes started by yeniy in C:\Users\yeniy\IdeaProjects\saferent1)
2023-06-06 20:13:15,278 DEBUG [restartedMain] com.saferent1.Saferent1Application:Running with Spring Boot v2.7.8, Spring v5.3.25
2023-06-06 20:13:15,280 INFO  [restartedMain] com.saferent1.Saferent1Application:No active profile set, falling back to 1 default profile: "default"
2023-06-06 20:13:15,457 INFO  [restartedMain] org.springframework.boot.devtools.env.DevToolsPropertyDefaultsPostProcessor:Devtools property defaults active! Set 'spring.devtools.add-properties' to 'false' to disable
2023-06-06 20:13:15,457 INFO  [restartedMain] org.springframework.boot.devtools.env.DevToolsPropertyDefaultsPostProcessor:For additional web related logging consider setting the 'logging.level.web' property to 'DEBUG'
2023-06-06 20:13:18,687 INFO  [restartedMain] org.springframework.data.repository.config.RepositoryConfigurationDelegate:Bootstrapping Spring Data JPA repositories in DEFAULT mode.
2023-06-06 20:13:18,905 INFO  [restartedMain] org.springframework.data.repository.config.RepositoryConfigurationDelegate:Finished Spring Data repository scanning in 195 ms. Found 3 JPA repository interfaces.
2023-06-06 20:13:21,700 INFO  [restartedMain] org.springframework.boot.web.embedded.tomcat.TomcatWebServer:Tomcat initialized with port(s): 8081 (http)
2023-06-06 20:13:21,741 INFO  [restartedMain] org.apache.catalina.core.StandardService:Starting service [Tomcat]
2023-06-06 20:13:21,751 INFO  [restartedMain] org.apache.catalina.core.StandardEngine:Starting Servlet engine: [Apache Tomcat/9.0.71]
2023-06-06 20:13:22,517 INFO  [restartedMain] org.apache.catalina.core.ContainerBase.[Tomcat].[localhost].[/]:Initializing Spring embedded WebApplicationContext
2023-06-06 20:13:22,526 INFO  [restartedMain] org.springframework.boot.web.servlet.context.ServletWebServerApplicationContext:Root WebApplicationContext: initialization completed in 7065 ms
2023-06-06 20:13:23,133 INFO  [restartedMain] org.hibernate.jpa.internal.util.LogHelper:HHH000204: Processing PersistenceUnitInfo [name: default]
2023-06-06 20:13:23,295 INFO  [restartedMain] org.hibernate.Version:HHH000412: Hibernate ORM core version 5.6.14.Final
2023-06-06 20:13:23,781 INFO  [restartedMain] org.hibernate.annotations.common.Version:HCANN000001: Hibernate Commons Annotations {5.1.2.Final}
2023-06-06 20:13:24,622 INFO  [restartedMain] com.zaxxer.hikari.HikariDataSource:HikariPool-1 - Starting...
2023-06-06 20:13:25,108 INFO  [restartedMain] com.zaxxer.hikari.HikariDataSource:HikariPool-1 - Start completed.
2023-06-06 20:13:25,153 INFO  [restartedMain] org.hibernate.dialect.Dialect:HHH000400: Using dialect: org.hibernate.dialect.PostgreSQLDialect
2023-06-06 20:13:27,229 INFO  [restartedMain] org.hibernate.engine.transaction.jta.platform.internal.JtaPlatformInitiator:HHH000490: Using JtaPlatform implementation: [org.hibernate.engine.transaction.jta.platform.internal.NoJtaPlatform]
2023-06-06 20:13:27,250 INFO  [restartedMain] org.springframework.orm.jpa.LocalContainerEntityManagerFactoryBean:Initialized JPA EntityManagerFactory for persistence unit 'default'
2023-06-06 20:13:30,270 DEBUG [restartedMain] com.saferent1.security.jwt.AuthTokenFilter:Filter 'authTokenFilter' configured for use
2023-06-06 20:13:31,207 INFO  [restartedMain] org.springframework.security.web.DefaultSecurityFilterChain:Will secure any request with [org.springframework.security.web.session.DisableEncodeUrlFilter@295c213f, org.springframework.security.web.context.request.async.WebAsyncManagerIntegrationFilter@1e8f129e, org.springframework.security.web.context.SecurityContextPersistenceFilter@7992a0a0, org.springframework.security.web.header.HeaderWriterFilter@a77b095, org.springframework.security.web.authentication.logout.LogoutFilter@231e1db4, com.saferent1.security.jwt.AuthTokenFilter@619e3460, org.springframework.security.web.savedrequest.RequestCacheAwareFilter@6431c0ee, org.springframework.security.web.servletapi.SecurityContextHolderAwareRequestFilter@47ac0604, org.springframework.security.web.authentication.AnonymousAuthenticationFilter@6c134b90, org.springframework.security.web.session.SessionManagementFilter@6c50b0de, org.springframework.security.web.access.ExceptionTranslationFilter@cc58d6d, org.springframework.security.web.access.intercept.FilterSecurityInterceptor@44091a47]
2023-06-06 20:13:31,296 WARN  [restartedMain] org.springframework.boot.autoconfigure.orm.jpa.JpaBaseConfiguration$JpaWebConfiguration:spring.jpa.open-in-view is enabled by default. Therefore, database queries may be performed during view rendering. Explicitly configure spring.jpa.open-in-view to disable this warning
2023-06-06 20:13:32,448 INFO  [restartedMain] org.springframework.boot.devtools.autoconfigure.OptionalLiveReloadServer:LiveReload server is running on port 35729
2023-06-06 20:13:32,456 INFO  [restartedMain] org.springframework.boot.actuate.endpoint.web.EndpointLinksResolver:Exposing 15 endpoint(s) beneath base path '/actuator'
2023-06-06 20:13:32,583 INFO  [restartedMain] org.springframework.boot.web.embedded.tomcat.TomcatWebServer:Tomcat started on port(s): 8081 (http) with context path ''
2023-06-06 20:13:32,619 INFO  [restartedMain] com.saferent1.Saferent1Application:Started Saferent1Application in 18.372 seconds (JVM running for 21.074)
2023-06-06 20:13:33,489 INFO  [RMI TCP Connection(6)-192.168.1.10] org.apache.catalina.core.ContainerBase.[Tomcat].[localhost].[/]:Initializing Spring DispatcherServlet 'dispatcherServlet'
2023-06-06 20:14:40,395 INFO  [SpringApplicationShutdownHook] org.springframework.orm.jpa.LocalContainerEntityManagerFactoryBean:Closing JPA EntityManagerFactory for persistence unit 'default'
2023-06-06 20:14:40,434 INFO  [SpringApplicationShutdownHook] com.zaxxer.hikari.HikariDataSource:HikariPool-1 - Shutdown initiated...
2023-06-06 20:14:40,516 INFO  [SpringApplicationShutdownHook] com.zaxxer.hikari.HikariDataSource:HikariPool-1 - Shutdown completed.
2023-06-06 20:17:03,151 INFO  [restartedMain] com.saferent1.Saferent1Application:Starting Saferent1Application using Java 11.0.16.1 on LAPTOP-BQIVBCCA with PID 14048 (C:\Users\yeniy\IdeaProjects\saferent1\target\classes started by yeniy in C:\Users\yeniy\IdeaProjects\saferent1)
2023-06-06 20:17:03,152 DEBUG [restartedMain] com.saferent1.Saferent1Application:Running with Spring Boot v2.7.8, Spring v5.3.25
2023-06-06 20:17:03,152 INFO  [restartedMain] com.saferent1.Saferent1Application:No active profile set, falling back to 1 default profile: "default"
2023-06-06 20:17:03,210 INFO  [restartedMain] org.springframework.boot.devtools.env.DevToolsPropertyDefaultsPostProcessor:Devtools property defaults active! Set 'spring.devtools.add-properties' to 'false' to disable
2023-06-06 20:17:03,210 INFO  [restartedMain] org.springframework.boot.devtools.env.DevToolsPropertyDefaultsPostProcessor:For additional web related logging consider setting the 'logging.level.web' property to 'DEBUG'
2023-06-06 20:17:04,669 INFO  [restartedMain] org.springframework.data.repository.config.RepositoryConfigurationDelegate:Bootstrapping Spring Data JPA repositories in DEFAULT mode.
2023-06-06 20:17:04,813 INFO  [restartedMain] org.springframework.data.repository.config.RepositoryConfigurationDelegate:Finished Spring Data repository scanning in 124 ms. Found 3 JPA repository interfaces.
2023-06-06 20:17:05,652 INFO  [restartedMain] org.springframework.boot.web.embedded.tomcat.TomcatWebServer:Tomcat initialized with port(s): 8081 (http)
2023-06-06 20:17:05,669 INFO  [restartedMain] org.apache.catalina.core.StandardService:Starting service [Tomcat]
2023-06-06 20:17:05,669 INFO  [restartedMain] org.apache.catalina.core.StandardEngine:Starting Servlet engine: [Apache Tomcat/9.0.71]
2023-06-06 20:17:05,792 INFO  [restartedMain] org.apache.catalina.core.ContainerBase.[Tomcat].[localhost].[/]:Initializing Spring embedded WebApplicationContext
2023-06-06 20:17:05,793 INFO  [restartedMain] org.springframework.boot.web.servlet.context.ServletWebServerApplicationContext:Root WebApplicationContext: initialization completed in 2582 ms
2023-06-06 20:17:06,280 INFO  [restartedMain] org.hibernate.jpa.internal.util.LogHelper:HHH000204: Processing PersistenceUnitInfo [name: default]
2023-06-06 20:17:06,351 INFO  [restartedMain] org.hibernate.Version:HHH000412: Hibernate ORM core version 5.6.14.Final
2023-06-06 20:17:06,495 INFO  [restartedMain] org.hibernate.annotations.common.Version:HCANN000001: Hibernate Commons Annotations {5.1.2.Final}
2023-06-06 20:17:06,661 INFO  [restartedMain] com.zaxxer.hikari.HikariDataSource:HikariPool-1 - Starting...
2023-06-06 20:17:06,880 INFO  [restartedMain] com.zaxxer.hikari.HikariDataSource:HikariPool-1 - Start completed.
2023-06-06 20:17:06,897 INFO  [restartedMain] org.hibernate.dialect.Dialect:HHH000400: Using dialect: org.hibernate.dialect.PostgreSQLDialect
2023-06-06 20:17:07,737 INFO  [restartedMain] org.hibernate.engine.transaction.jta.platform.internal.JtaPlatformInitiator:HHH000490: Using JtaPlatform implementation: [org.hibernate.engine.transaction.jta.platform.internal.NoJtaPlatform]
2023-06-06 20:17:07,745 INFO  [restartedMain] org.springframework.orm.jpa.LocalContainerEntityManagerFactoryBean:Initialized JPA EntityManagerFactory for persistence unit 'default'
2023-06-06 20:17:08,345 DEBUG [restartedMain] com.saferent1.security.jwt.AuthTokenFilter:Filter 'authTokenFilter' configured for use
2023-06-06 20:17:08,721 INFO  [restartedMain] org.springframework.security.web.DefaultSecurityFilterChain:Will secure any request with [org.springframework.security.web.session.DisableEncodeUrlFilter@6b9d7cd0, org.springframework.security.web.context.request.async.WebAsyncManagerIntegrationFilter@1eb8ea05, org.springframework.security.web.context.SecurityContextPersistenceFilter@40bc6c5d, org.springframework.security.web.header.HeaderWriterFilter@4f9b6864, org.springframework.security.web.authentication.logout.LogoutFilter@643a97af, com.saferent1.security.jwt.AuthTokenFilter@468140c9, org.springframework.security.web.savedrequest.RequestCacheAwareFilter@38a395c4, org.springframework.security.web.servletapi.SecurityContextHolderAwareRequestFilter@64ff141b, org.springframework.security.web.authentication.AnonymousAuthenticationFilter@6c6c014a, org.springframework.security.web.session.SessionManagementFilter@1079fb29, org.springframework.security.web.access.ExceptionTranslationFilter@6ee2bd8b, org.springframework.security.web.access.intercept.FilterSecurityInterceptor@6211485]
2023-06-06 20:17:08,793 WARN  [restartedMain] org.springframework.boot.autoconfigure.orm.jpa.JpaBaseConfiguration$JpaWebConfiguration:spring.jpa.open-in-view is enabled by default. Therefore, database queries may be performed during view rendering. Explicitly configure spring.jpa.open-in-view to disable this warning
2023-06-06 20:17:09,630 INFO  [restartedMain] org.springframework.boot.devtools.autoconfigure.OptionalLiveReloadServer:LiveReload server is running on port 35729
2023-06-06 20:17:09,637 INFO  [restartedMain] org.springframework.boot.actuate.endpoint.web.EndpointLinksResolver:Exposing 15 endpoint(s) beneath base path '/actuator'
2023-06-06 20:17:09,730 INFO  [restartedMain] org.springframework.boot.web.embedded.tomcat.TomcatWebServer:Tomcat started on port(s): 8081 (http) with context path ''
2023-06-06 20:17:09,747 INFO  [restartedMain] com.saferent1.Saferent1Application:Started Saferent1Application in 7.097 seconds (JVM running for 8.025)
2023-06-06 20:17:10,185 INFO  [RMI TCP Connection(1)-192.168.1.10] org.apache.catalina.core.ContainerBase.[Tomcat].[localhost].[/]:Initializing Spring DispatcherServlet 'dispatcherServlet'
2023-06-06 20:20:59,803 INFO  [SpringApplicationShutdownHook] org.springframework.orm.jpa.LocalContainerEntityManagerFactoryBean:Closing JPA EntityManagerFactory for persistence unit 'default'
2023-06-06 20:21:00,050 INFO  [SpringApplicationShutdownHook] com.zaxxer.hikari.HikariDataSource:HikariPool-1 - Shutdown initiated...
2023-06-06 20:21:00,150 INFO  [SpringApplicationShutdownHook] com.zaxxer.hikari.HikariDataSource:HikariPool-1 - Shutdown completed.
